<?xml version="1.0" encoding="UTF-8"?>
<!-- Generated by org.testng.reporters.JUnitReportReporter -->
<testsuite hostname="DESKTOP-802VLA7" failures="0" tests="3" name="Datadrivenexcel.Exceldataprovider.Dataprovider" time="0.014" errors="0" timestamp="2024-07-22T08:29:37 IST" skipped="0">
  <testcase classname="Datadrivenexcel.Exceldataprovider.Dataprovider" name="testCaseData" time="0.002"/>
  <system-out/>
  <testcase classname="Datadrivenexcel.Exceldataprovider.Dataprovider" name="testCaseData" time="0.010"/>
  <system-out/>
  <testcase classname="Datadrivenexcel.Exceldataprovider.Dataprovider" name="testCaseData" time="0.002"/>
  <system-out/>
</testsuite> <!-- Datadrivenexcel.Exceldataprovider.Dataprovider -->
