<?xml version="1.0" encoding="UTF-8"?>
<!-- Generated by org.testng.reporters.JUnitReportReporter -->
<testsuite hostname="DESKTOP-802VLA7" failures="0" tests="1" name="Datadrivenexcel.Exceldataprovider.Dataprovider" time="0.000" errors="0" timestamp="2024-07-22T07:27:32 IST" skipped="1">
  <testcase classname="Datadrivenexcel.Exceldataprovider.Dataprovider" name="testCaseData" time="0.000">
    <skipped/>
  </testcase> <!-- testCaseData -->
  <system-out/>
</testsuite> <!-- Datadrivenexcel.Exceldataprovider.Dataprovider -->
